<?xml version="1.0" encoding="UTF-8"?>
<!-- Generated by org.testng.reporters.JUnitXMLReporter -->
<testsuite ignored="0" hostname="Z422" failures="0" tests="5" name="Testing" time="10.848" errors="0" timestamp="2022-11-28T22:34:13 IST">
  <testcase classname="com.databaseframe.testcases.TC004_UpdateDataTest" name="updateTest" time="2.698"/>
  <testcase classname="com.databaseframe.testcases.TC005_DeleteDataTest" name="deleteTest" time="2.036"/>
  <testcase classname="com.databaseframe.testcases.TC003_InsetDataTest" name="insertData" time="0.315"/>
  <testcase classname="com.databaseframe.testcases.TC002_RetriveSingleDataTest" name="sigleDataTest" time="0.036"/>
  <testcase classname="com.databaseframe.testcases.TC001_RetriveAllDataTest" name="trialRun" time="0.043"/>
</testsuite> <!-- Testing -->
